<?xml version="1.0" encoding="UTF-8"?>
<beans xmlns="http://www.springframework.org/schema/beans"
	xmlns:xsi="http://www.w3.org/2001/XMLSchema-instance"
	xsi:schemaLocation="http://www.springframework.org/schema/beans
	http://www.springframework.org/schema/beans/spring-beans-3.0.xsd">
	 
	 <bean id="dataSource" class="org.springframework.jdbc.datasource.SimpleDriverDataSource">
        <property name="driverClass" value="com.mysql.cj.jdbc.Driver" />
        <property name="url" value="jdbc:mysql://127.0.0.1:3306/testdb?serverTimezone=UTC" />
        <property name="username" value="root" />
        <property name="password" value="5180" />
    </bean>
	<bean id="userDao" class="com.toby.pract1.UserDaoJdbc">
		<property name="dataSource" ref="dataSource" />
	</bean>
	
	<bean id="UserLevelUpgradePolicy" class="com.toby.pract1.UserLevelUpgradePolicyBtype">
		<property name="userDao" ref="userDao"></property>
	</bean>
	
	<bean id="transactionManager" class="org.springframework.jdbc.datasource.DataSourceTransactionManager">
		<property name="dataSource" ref="dataSource" />
	</bean>
	
	<bean id="transactionAdvice" class="Advice.TransactionAdvice">
		<property name="transactionManager" ref="transactionManager" />
	</bean>
	
	<bean id="transactionPointcut" class="org.springframework.aop.support.NameMatchMethodPointcut">
		<property name="mappedName" value="upgrade*" />
	</bean>
	
	<bean id="transactionAdvisor" class="org.springframework.aop.support.DefaultPointcutAdvisor">
		<property name="advice" ref="transactionAdvice" />
		<property name="pointcut" ref="transactionPointcut" />
	</bean>
	
	
	
    <bean id="mailSender" class="com.toby.pract1.DummyMailSender">
    </bean>
	
	<bean id="userServiceImpl" class="com.toby.pract1.UserServiceImpl">
		<property name="userDao" ref="userDao" />
		<property name="UserLevelUpgradePolicy" ref="UserLevelUpgradePolicy" />
		<property name="mailSender" ref="mailSender" />
	</bean>
	
	<bean id="userService" class="org.springframework.aop.framework.ProxyFactoryBean">
		<property name="target" ref="userServiceImpl" />
		<property name="interceptorNames">
			<list>
				<value>transactionAdvisor</value>
			</list>
		</property>
	</bean>	
</beans>