<?xml version="1.0" encoding="UTF-8"?>
<beans xmlns="http://www.springframework.org/schema/beans"
	xmlns:xsi="http://www.w3.org/2001/XMLSchema-instance"
	xmlns:aop="http://www.springframework.org/schema/aop"
	xmlns:tx="http://www.springframework.org/schema/tx"
	xsi:schemaLocation="http://www.springframework.org/schema/beans http://www.springframework.org/schema/beans/spring-beans-3.0.xsd
		http://www.springframework.org/schema/aop http://www.springframework.org/schema/aop/spring-aop-4.1.xsd
		http://www.springframework.org/schema/tx http://www.springframework.org/schema/tx/spring-tx-3.0.xsd">
	 
	 <bean id="dataSource" class="org.springframework.jdbc.datasource.SimpleDriverDataSource">
        <property name="driverClass" value="com.mysql.cj.jdbc.Driver" />
        <property name="url" value="jdbc:mysql://127.0.0.1:3306/testdb?serverTimezone=UTC" />
        <property name="username" value="root" />
        <property name="password" value="5180" />
    </bean>
	<bean id="userDao" class="com.toby.pract1.UserDaoJdbc">
		<property name="dataSource" ref="dataSource" />
		<property name="sqlMap">
			<map>
				<entry key="add" value="insert into users(id, name, password, email, level, login, recommend) values(?,?,?,?,?,?,?)" />
				<entry key="get" value="select * from users where id =?" />
				<entry key="getAll" value="select * from users order by id"/>
				<entry key="deleteAll" value="delete from users"/>
				<entry key="getCount" value="select count(*) from users"/>
				<entry key="update" value="update users set name = ?, password = ?, level = ?, login = ?, recommend = ? where id = ?"/>
			</map>
		</property>
	</bean>
	
	<bean id="UserLevelUpgradePolicy" class="com.toby.pract1.UserLevelUpgradePolicyBtype">
		<property name="userDao" ref="userDao"></property>
	</bean>
	
	<bean id="transactionManager" class="org.springframework.jdbc.datasource.DataSourceTransactionManager">
		<property name="dataSource" ref="dataSource" />
	</bean>
	
	<tx:annotation-driven transaction-manager="transactionManager"/>
	
	<!--
	<tx:advice id="transactionAdvice" transaction-manager="transactionManager">
		<tx:attributes>
			<tx:method name="get*" read-only="true" />
			<tx:method name="*" />
	 
			<tx:method name="get*" propagation="REQUIRED" read-only="true" timeout="30"/>
			<tx:method name="upgrade*" propagation="REQUIRES_NEW" isolation="SERIALIZABLE"/>
			<tx:method name="*" propagation="REQUIRED"/>
	
		</tx:attributes>
	</tx:advice>
	
	 <aop:config>
	 	<aop:advisor advice-ref="transactionAdvice" pointcut="bean(*Service)"/>
	 </aop:config>
	 -->
    <bean id="mailSender" class="com.toby.pract1.DummyMailSender" />
	
	<bean id="userService" class="com.toby.pract1.UserServiceImpl">
		<property name="userDao" ref="userDao" />
		<property name="UserLevelUpgradePolicy" ref="UserLevelUpgradePolicy" />
		<property name="mailSender" ref="mailSender" />
	</bean>
	
	<bean id="testUserService" class="com.toby.pract1.UserServiceITest$TestUserService" parent="userService" />
	
	<bean class="org.springframework.aop.framework.autoproxy.DefaultAdvisorAutoProxyCreator"/>	
</beans>